<?xml version="1.0" encoding="UTF-8"?>
<!-- Generated by org.testng.reporters.JUnitReportReporter -->
<testsuite hostname="FFE-Karthick-M" failures="0" tests="1" name="webTestCases.Module2" time="15.993" errors="0" timestamp="2024-10-06T23:43:51 IST" skipped="0">
  <testcase classname="webTestCases.Module2" name="tc001" time="15.993">
    <system-out>
      <![CDATA[Opened browser with specified profile
Navigated to https://gmail.com
Page title : Inbox (75) - johnsmithfftrainer@gmail.com - Gmail]]>
    </system-out>
  </testcase> <!-- tc001 -->
  <system-out>
    <![CDATA[Chrome browser launched
Browser maximized
Navigated to https://google.com/
Implicit wait set to 5 seconds
Mouse hovered on Gmail Link
Clicked on current cursor point
Create Account button is displayed
Browser closed
Opened browser with specified profile
Navigated to https://gmail.com
Page title : Inbox (75) - johnsmithfftrainer@gmail.com - Gmail
Browser closed]]>
  </system-out>
</testsuite> <!-- webTestCases.Module2 -->
