<?xml version="1.0" encoding="UTF-8"?>
<!-- Generated by org.testng.reporters.JUnitReportReporter -->
<testsuite hostname="FFE-Karthick-M" failures="0" tests="1" name="webTestCases.Module1" time="10.893" errors="0" timestamp="2024-10-03T19:03:39 IST" skipped="0">
  <testcase classname="webTestCases.Module1" name="tc001" time="10.893">
    <system-out>
      <![CDATA[Chrome browser launched
Browser maximized
Navigated to https://google.com/
Implicit wait set to 5 seconds
Clicked on Gmail Link
Create Account button is displayed]]>
    </system-out>
  </testcase> <!-- tc001 -->
  <system-out>
    <![CDATA[Chrome browser launched
Browser maximized
Navigated to https://google.com/
Implicit wait set to 5 seconds
Clicked on Gmail Link
Create Account button is displayed
Browser closed]]>
  </system-out>
</testsuite> <!-- webTestCases.Module1 -->
