<?xml version="1.0" encoding="UTF-8"?>
<!-- Generated by org.testng.reporters.JUnitReportReporter -->
<testsuite hostname="FFE-Karthick-M" failures="0" tests="2" name="webTestCases.Module1" time="28.800" errors="1" timestamp="2024-10-04T10:48:28 IST" skipped="0">
  <testcase classname="webTestCases.Module1" name="tc002" time="12.694">
    <error type="java.lang.NullPointerException">
      <![CDATA[java.lang.NullPointerException
at genericLib.Utilities.switchTabIfUrlIs(Utilities.java:1007)
at webTestCases.Module1.tc002(Module1.java:30)
at java.base/jdk.internal.reflect.DirectMethodHandleAccessor.invoke(DirectMethodHandleAccessor.java:103)
at java.base/java.lang.reflect.Method.invoke(Method.java:580)
at org.testng.internal.invokers.MethodInvocationHelper.invokeMethod(MethodInvocationHelper.java:141)
at org.testng.internal.invokers.TestInvoker.invokeMethod(TestInvoker.java:686)
at org.testng.internal.invokers.TestInvoker.invokeTestMethod(TestInvoker.java:230)
at org.testng.internal.invokers.MethodRunner.runInSequence(MethodRunner.java:63)
at org.testng.internal.invokers.TestInvoker$MethodInvocationAgent.invoke(TestInvoker.java:992)
at org.testng.internal.invokers.TestInvoker.invokeTestMethods(TestInvoker.java:203)
at org.testng.internal.invokers.TestMethodWorker.invokeTestMethods(TestMethodWorker.java:154)
at org.testng.internal.invokers.TestMethodWorker.run(TestMethodWorker.java:134)
at java.base/java.util.ArrayList.forEach(ArrayList.java:1597)
at org.testng.TestRunner.privateRun(TestRunner.java:739)
at org.testng.TestRunner.run(TestRunner.java:614)
at org.testng.SuiteRunner.runTest(SuiteRunner.java:421)
at org.testng.SuiteRunner.runSequentially(SuiteRunner.java:413)
at org.testng.SuiteRunner.privateRun(SuiteRunner.java:373)
at org.testng.SuiteRunner.run(SuiteRunner.java:312)
at org.testng.SuiteRunnerWorker.runSuite(SuiteRunnerWorker.java:52)
at org.testng.SuiteRunnerWorker.run(SuiteRunnerWorker.java:95)
at org.testng.TestNG.runSuitesSequentially(TestNG.java:1274)
at org.testng.TestNG.runSuitesLocally(TestNG.java:1208)
at org.testng.TestNG.runSuites(TestNG.java:1112)
at org.testng.TestNG.run(TestNG.java:1079)
at org.testng.remote.AbstractRemoteTestNG.run(AbstractRemoteTestNG.java:115)
at org.testng.remote.RemoteTestNG.initAndRun(RemoteTestNG.java:293)
at org.testng.remote.RemoteTestNG.main(RemoteTestNG.java:91)
]]>
    </error>
    <system-out>
      <![CDATA[Chrome browser launched
Browser maximized
Navigated to https://google.com/
Implicit wait set to 5 seconds
Mouse hovered on Gmail Link
Clicked on current cursor point
Failed to switch : No Url found]]>
    </system-out>
  </testcase> <!-- tc002 -->
  <testcase classname="webTestCases.Module1" name="tc001" time="16.106">
    <system-out>
      <![CDATA[Chrome browser launched
Browser maximized
Navigated to https://google.com/
Implicit wait set to 5 seconds
Mouse hovered on Gmail Link
Clicked on current cursor point
Create Account button is displayed]]>
    </system-out>
  </testcase> <!-- tc001 -->
  <system-out>
    <![CDATA[Chrome browser launched
Browser maximized
Navigated to https://google.com/
Implicit wait set to 5 seconds
Mouse hovered on Gmail Link
Clicked on current cursor point
Create Account button is displayed
Browser closed
Chrome browser launched
Browser maximized
Navigated to https://google.com/
Implicit wait set to 5 seconds
Mouse hovered on Gmail Link
Clicked on current cursor point
Failed to switch : No Url found]]>
  </system-out>
</testsuite> <!-- webTestCases.Module1 -->
